#
# A fatal error has been detected by the Java Runtime Environment:
#
#  EXCEPTION_ACCESS_VIOLATION (0xc0000005) at pc=0x00007ffc11a2a6a0, pid=6928, tid=10152
#
# JRE version: 7.0_21-b11
# Java VM: Java HotSpot(TM) 64-Bit Server VM (23.21-b01 mixed mode windows-amd64 compressed oops)
# Problematic frame:
# C  [ig7icd64.dll+0x2a6a0]
#
# Failed to write core dump. Minidumps are not enabled by default on client versions of Windows
#
# If you would like to submit a bug report, please visit:
#   http://bugreport.sun.com/bugreport/crash.jsp
# The crash happened outside the Java Virtual Machine in native code.
# See problematic frame for where to report the bug.
#

---------------  T H R E A D  ---------------

Current thread (0x000000000d3e4000):  JavaThread "LWJGL Application" [_thread_in_native, id=10152, stack(0x000000000e1a0000,0x000000000e2a0000)]

siginfo: ExceptionCode=0xc0000005, reading address 0x0000000000000000

Registers:
RAX=0x0000000000000000, RBX=0x000000000e9b0080, RCX=0x0000000000000000, RDX=0x0000000000000000
RSP=0x000000000e29cbc0, RBP=0x000000000e29ccf0, RSI=0x000000000ea41960, RDI=0x000000000ee1e000
R8 =0x0000000000000020, R9 =0x0000000000000000, R10=0x0000000000000002, R11=0x0000000000000010
R12=0x0000000000000000, R13=0x0000000000000020, R14=0x000000000e9c5df8, R15=0x000000000e29ccc0
RIP=0x00007ffc11a2a6a0, EFLAGS=0x0000000000010202

Top of Stack: (sp=0x000000000e29cbc0)
0x000000000e29cbc0:   0000000000000000 0000000000000000
0x000000000e29cbd0:   0000000000000000 0000000000000000
0x000000000e29cbe0:   000000000f59c5a0 00007ffc11a28aaa
0x000000000e29cbf0:   000000000e9b0080 000000000e9b0080
0x000000000e29cc00:   000000000e29ccf0 0000000000000007
0x000000000e29cc10:   0000000000000007 0000000000000007
0x000000000e29cc20:   0001000000000000 0000000000000040
0x000000000e29cc30:   0000000000000000 000000000e2f0858
0x000000000e29cc40:   000000000f46fc10 000000000e9c5e40
0x000000000e29cc50:   0000000000000007 0000000000000000
0x000000000e29cc60:   0000000000000000 000000000e2f0844
0x000000000e29cc70:   000000000e29ccc0 0000000000000007
0x000000000e29cc80:   0000000000000007 0000000200000007
0x000000000e29cc90:   0000000000000000 0000001400000007
0x000000000e29cca0:   0000000000000002 000000000ea901e0
0x000000000e29ccb0:   000000000e2f085c 0000000000000844 

Instructions: (pc=0x00007ffc11a2a6a0)
0x00007ffc11a2a680:   72 9e 41 83 e0 7f 74 34 45 8b d0 44 8b c9 49 c1
0x00007ffc11a2a690:   ea 04 4d 85 d2 74 25 66 0f 1f 84 00 00 00 00 00
0x00007ffc11a2a6a0:   66 0f 6f 02 41 ff c1 48 83 c7 10 41 8b c1 66 0f
0x00007ffc11a2a6b0:   e7 47 f0 48 83 c2 10 49 3b c2 72 e4 0f 28 74 24 


Register to memory mapping:

RAX=0x0000000000000000 is an unknown value
RBX=0x000000000e9b0080 is an unknown value
RCX=0x0000000000000000 is an unknown value
RDX=0x0000000000000000 is an unknown value
RSP=0x000000000e29cbc0 is pointing into the stack for thread: 0x000000000d3e4000
RBP=0x000000000e29ccf0 is pointing into the stack for thread: 0x000000000d3e4000
RSI=0x000000000ea41960 is an unknown value
RDI=0x000000000ee1e000 is an unknown value
R8 =0x0000000000000020 is an unknown value
R9 =0x0000000000000000 is an unknown value
R10=0x0000000000000002 is an unknown value
R11=0x0000000000000010 is an unknown value
R12=0x0000000000000000 is an unknown value
R13=0x0000000000000020 is an unknown value
R14=0x000000000e9c5df8 is an unknown value
R15=0x000000000e29ccc0 is pointing into the stack for thread: 0x000000000d3e4000


Stack: [0x000000000e1a0000,0x000000000e2a0000],  sp=0x000000000e29cbc0,  free space=1010k
Native frames: (J=compiled Java code, j=interpreted, Vv=VM code, C=native code)
C  [ig7icd64.dll+0x2a6a0]

Java frames: (J=compiled Java code, j=interpreted, Vv=VM code)
j  org.lwjgl.opengl.GL11.nglDrawArrays(IIIJ)V+0
j  org.lwjgl.opengl.GL11.glDrawArrays(III)V+20
j  com.badlogic.gdx.backends.lwjgl.LwjglGL10.glDrawArrays(III)V+3
j  com.badlogic.gdx.graphics.Mesh.render(IIIZ)V+180
j  com.badlogic.gdx.graphics.Mesh.render(III)V+8
j  com.example.mylibgdxgame.screens.CannonScreen.render(F)V+168
j  com.badlogic.gdx.Game.render()V+19
j  com.example.mylibgdxgame.Tyrian.render()V+1
j  com.badlogic.gdx.backends.lwjgl.LwjglApplication.mainLoop()V+642
j  com.badlogic.gdx.backends.lwjgl.LwjglApplication$1.run()V+27
v  ~StubRoutines::call_stub

---------------  P R O C E S S  ---------------

Java Threads: ( => current thread )
  0x000000000109e000 JavaThread "DestroyJavaVM" [_thread_blocked, id=5124, stack(0x0000000002840000,0x0000000002940000)]
=>0x000000000d3e4000 JavaThread "LWJGL Application" [_thread_in_native, id=10152, stack(0x000000000e1a0000,0x000000000e2a0000)]
  0x000000000d2ef000 JavaThread "Monitor Ctrl-Break" daemon [_thread_in_native, id=9148, stack(0x000000000d680000,0x000000000d780000)]
  0x000000000b8dc800 JavaThread "Service Thread" daemon [_thread_blocked, id=11120, stack(0x000000000d080000,0x000000000d180000)]
  0x000000000b8d2000 JavaThread "C2 CompilerThread1" daemon [_thread_blocked, id=11292, stack(0x000000000cf80000,0x000000000d080000)]
  0x000000000b8d0800 JavaThread "C2 CompilerThread0" daemon [_thread_blocked, id=5728, stack(0x000000000ce80000,0x000000000cf80000)]
  0x000000000b8cf000 JavaThread "Attach Listener" daemon [_thread_blocked, id=10744, stack(0x000000000cd80000,0x000000000ce80000)]
  0x000000000b8cc000 JavaThread "Signal Dispatcher" daemon [_thread_blocked, id=4228, stack(0x000000000cc80000,0x000000000cd80000)]
  0x000000000b869000 JavaThread "Finalizer" daemon [_thread_blocked, id=10248, stack(0x000000000cb80000,0x000000000cc80000)]
  0x000000000b860800 JavaThread "Reference Handler" daemon [_thread_blocked, id=9448, stack(0x000000000ca80000,0x000000000cb80000)]

Other Threads:
  0x000000000b857800 VMThread [stack: 0x000000000c980000,0x000000000ca80000] [id=11848]
  0x000000000b8f5800 WatcherThread [stack: 0x000000000d180000,0x000000000d280000] [id=10500]

VM state:not at safepoint (normal execution)

VM Mutex/Monitor currently owned by a thread: None

Heap
 PSYoungGen      total 37632K, used 10589K [0x00000007d5f60000, 0x00000007d8960000, 0x0000000800000000)
  eden space 32256K, 32% used [0x00000007d5f60000,0x00000007d69b74d0,0x00000007d7ee0000)
  from space 5376K, 0% used [0x00000007d8420000,0x00000007d8420000,0x00000007d8960000)
  to   space 5376K, 0% used [0x00000007d7ee0000,0x00000007d7ee0000,0x00000007d8420000)
 ParOldGen       total 86080K, used 0K [0x0000000781e00000, 0x0000000787210000, 0x00000007d5f60000)
  object space 86080K, 0% used [0x0000000781e00000,0x0000000781e00000,0x0000000787210000)
 PSPermGen       total 21248K, used 5916K [0x000000077cc00000, 0x000000077e0c0000, 0x0000000781e00000)
  object space 21248K, 27% used [0x000000077cc00000,0x000000077d1c72c8,0x000000077e0c0000)

Card table byte_map: [0x0000000005ab0000,0x0000000005ed0000] byte_map_base: 0x0000000001eca000

Polling page: 0x0000000000ea0000

Code Cache  [0x0000000002ab0000, 0x0000000002d20000, 0x0000000005ab0000)
 total_blobs=377 nmethods=34 adapters=295 free_code_cache=48628Kb largest_free_block=49783040

Compilation events (10 events):
Event: 1.408 Thread 0x000000000b8d0800 nmethod 28 0x0000000002b2da50 code [0x0000000002b2dc20, 0x0000000002b2ef40]
Event: 1.409 Thread 0x000000000b8d0800   31             java.util.StringTokenizer::skipDelimiters (116 bytes)
Event: 1.420 Thread 0x000000000b8d2000 nmethod 30 0x0000000002b31610 code [0x0000000002b317c0, 0x0000000002b31c30]
Event: 1.422 Thread 0x000000000b8d0800 nmethod 31 0x0000000002b2a750 code [0x0000000002b2a8c0, 0x0000000002b2ac08]
Event: 1.460 Thread 0x000000000b8d2000   32             sun.misc.MetaIndex::mayContain (51 bytes)
Event: 1.467 Thread 0x000000000b8d0800   33             java.lang.CharacterData::of (120 bytes)
Event: 1.468 Thread 0x000000000b8d2000 nmethod 32 0x0000000002b355d0 code [0x0000000002b35720, 0x0000000002b359a8]
Event: 1.468 Thread 0x000000000b8d2000   34             java.lang.CharacterDataLatin1::getProperties (11 bytes)
Event: 1.469 Thread 0x000000000b8d0800 nmethod 33 0x0000000002b35c10 code [0x0000000002b35d60, 0x0000000002b35e18]
Event: 1.469 Thread 0x000000000b8d2000 nmethod 34 0x0000000002b320d0 code [0x0000000002b32200, 0x0000000002b32298]

GC Heap History (0 events):
No events

Deoptimization events (0 events):
No events

Internal exceptions (10 events):
Event: 1.471 Thread 0x000000000d3e4000 Threw 0x00000007d68bbf50 at C:\jdk7u2_64p\jdk7u21\hotspot\src\share\vm\prims\jvm.cpp:1166
Event: 1.473 Thread 0x000000000d3e4000 Threw 0x00000007d68c33a0 at C:\jdk7u2_64p\jdk7u21\hotspot\src\share\vm\prims\jvm.cpp:1166
Event: 1.476 Thread 0x000000000d3e4000 Threw 0x00000007d68df8d0 at C:\jdk7u2_64p\jdk7u21\hotspot\src\share\vm\prims\jvm.cpp:1166
Event: 1.479 Thread 0x000000000d3e4000 Threw 0x00000007d68ea568 at C:\jdk7u2_64p\jdk7u21\hotspot\src\share\vm\prims\jvm.cpp:1166
Event: 1.480 Thread 0x000000000d3e4000 Threw 0x00000007d68f3960 at C:\jdk7u2_64p\jdk7u21\hotspot\src\share\vm\prims\jvm.cpp:1166
Event: 1.483 Thread 0x000000000d3e4000 Threw 0x00000007d68ff820 at C:\jdk7u2_64p\jdk7u21\hotspot\src\share\vm\prims\jvm.cpp:1166
Event: 1.486 Thread 0x000000000d3e4000 Threw 0x00000007d6907e68 at C:\jdk7u2_64p\jdk7u21\hotspot\src\share\vm\prims\jvm.cpp:1166
Event: 1.487 Thread 0x000000000d3e4000 Threw 0x00000007d690c5c0 at C:\jdk7u2_64p\jdk7u21\hotspot\src\share\vm\prims\jvm.cpp:1166
Event: 1.489 Thread 0x000000000d3e4000 Threw 0x00000007d6910da0 at C:\jdk7u2_64p\jdk7u21\hotspot\src\share\vm\prims\jvm.cpp:1166
Event: 1.490 Thread 0x000000000d3e4000 Threw 0x00000007d6915058 at C:\jdk7u2_64p\jdk7u21\hotspot\src\share\vm\prims\jvm.cpp:1166

Events (10 events):
Event: 1.483 loading class 0x000000000d505ff0
Event: 1.483 loading class 0x000000000d505ff0 done
Event: 1.486 loading class 0x000000000b981910
Event: 1.486 loading class 0x000000000b981910 done
Event: 1.487 loading class 0x000000000d483590
Event: 1.487 loading class 0x000000000d483590 done
Event: 1.489 loading class 0x000000000d4ecb40
Event: 1.489 loading class 0x000000000d4ecb40 done
Event: 1.490 loading class 0x0000000010295ac0
Event: 1.490 loading class 0x0000000010295ac0 done


Dynamic libraries:
0x00007ff7b62c0000 - 0x00007ff7b62f3000 	C:\Program Files\Java\jdk1.7.0_21\bin\java.exe
0x00007ffc44f20000 - 0x00007ffc450c9000 	C:\WINDOWS\SYSTEM32\ntdll.dll
0x00007ffc449b0000 - 0x00007ffc44ae9000 	C:\WINDOWS\system32\KERNEL32.DLL
0x00007ffc42370000 - 0x00007ffc4247e000 	C:\WINDOWS\system32\KERNELBASE.dll
0x00007ffc40ed0000 - 0x00007ffc40f5b000 	C:\WINDOWS\system32\apphelp.dll
0x00007ffc36b60000 - 0x00007ffc36baf000 	C:\WINDOWS\AppPatch\AppPatch64\AcGenral.DLL
0x00007ffc431c0000 - 0x00007ffc43267000 	C:\WINDOWS\system32\msvcrt.dll
0x00007ffc42150000 - 0x00007ffc4217b000 	C:\WINDOWS\SYSTEM32\SspiCli.dll
0x00007ffc42dc0000 - 0x00007ffc42e11000 	C:\WINDOWS\system32\SHLWAPI.dll
0x00007ffc42f70000 - 0x00007ffc430e1000 	C:\WINDOWS\system32\USER32.dll
0x00007ffc42aa0000 - 0x00007ffc42c16000 	C:\WINDOWS\system32\ole32.dll
0x00007ffc435a0000 - 0x00007ffc449af000 	C:\WINDOWS\system32\SHELL32.dll
0x00007ffc41930000 - 0x00007ffc4194f000 	C:\WINDOWS\SYSTEM32\USERENV.dll
0x00007ffc42990000 - 0x00007ffc42a35000 	C:\WINDOWS\system32\ADVAPI32.dll
0x00007ffc39950000 - 0x00007ffc3996b000 	C:\WINDOWS\SYSTEM32\MPR.dll
0x00007ffc42850000 - 0x00007ffc42986000 	C:\WINDOWS\system32\RPCRT4.dll
0x00007ffc42a40000 - 0x00007ffc42a97000 	C:\WINDOWS\SYSTEM32\sechost.dll
0x00007ffc43270000 - 0x00007ffc43447000 	C:\WINDOWS\SYSTEM32\combase.dll
0x00007ffc42e20000 - 0x00007ffc42f65000 	C:\WINDOWS\system32\GDI32.dll
0x00007ffc422a0000 - 0x00007ffc422b4000 	C:\WINDOWS\SYSTEM32\profapi.dll
0x00007ffc40790000 - 0x00007ffc40831000 	C:\WINDOWS\SYSTEM32\SHCORE.dll
0x00007ffc44ca0000 - 0x00007ffc44cd4000 	C:\WINDOWS\system32\IMM32.DLL
0x00007ffc42c80000 - 0x00007ffc42db8000 	C:\WINDOWS\system32\MSCTF.dll
0x00007ffc3f040000 - 0x00007ffc3f29a000 	C:\WINDOWS\WinSxS\amd64_microsoft.windows.common-controls_6595b64144ccf1df_6.0.9600.16384_none_62475f7becb72503\COMCTL32.dll
0x0000000050040000 - 0x0000000050111000 	C:\Program Files\Java\jdk1.7.0_21\jre\bin\msvcr100.dll
0x00000000778d0000 - 0x0000000077ff1000 	C:\Program Files\Java\jdk1.7.0_21\jre\bin\server\jvm.dll
0x00007ffc2bc50000 - 0x00007ffc2bc59000 	C:\WINDOWS\SYSTEM32\WSOCK32.dll
0x00007ffc3a2e0000 - 0x00007ffc3a2ff000 	C:\WINDOWS\SYSTEM32\WINMM.dll
0x00007ffc43590000 - 0x00007ffc43597000 	C:\WINDOWS\system32\PSAPI.DLL
0x00007ffc42c20000 - 0x00007ffc42c78000 	C:\WINDOWS\system32\WS2_32.dll
0x00007ffc39900000 - 0x00007ffc3992a000 	C:\WINDOWS\SYSTEM32\WINMMBASE.dll
0x00007ffc43100000 - 0x00007ffc43109000 	C:\WINDOWS\system32\NSI.dll
0x00007ffc42760000 - 0x00007ffc427aa000 	C:\WINDOWS\SYSTEM32\cfgmgr32.dll
0x00007ffc41120000 - 0x00007ffc41146000 	C:\WINDOWS\SYSTEM32\DEVOBJ.dll
0x0000000050030000 - 0x000000005003f000 	C:\Program Files\Java\jdk1.7.0_21\jre\bin\verify.dll
0x0000000050000000 - 0x0000000050028000 	C:\Program Files\Java\jdk1.7.0_21\jre\bin\java.dll
0x00000000778b0000 - 0x00000000778c5000 	C:\Program Files\Java\jdk1.7.0_21\jre\bin\zip.dll
0x00007ffc3c030000 - 0x00007ffc3c040000 	C:\Program Files (x86)\JetBrains\IntelliJ IDEA Community Edition 13.0.1\bin\breakgen64.dll
0x0000000077890000 - 0x00000000778a9000 	C:\Program Files\Java\jdk1.7.0_21\jre\bin\net.dll
0x00007ffc41bd0000 - 0x00007ffc41c28000 	C:\WINDOWS\system32\mswsock.dll
0x0000000065580000 - 0x0000000065610000 	C:\Users\Jonathan\AppData\Local\Temp\libgdxJonathan\5498721d\gdx64.dll
0x0000000180000000 - 0x0000000180050000 	C:\Users\Jonathan\AppData\Local\Temp\libgdxJonathan\4c88a7c1\lwjgl64.dll
0x00007ffc30b30000 - 0x00007ffc30c51000 	C:\WINDOWS\SYSTEM32\OPENGL32.dll
0x00007ffc3ec80000 - 0x00007ffc3ec8a000 	C:\WINDOWS\SYSTEM32\VERSION.dll
0x00007ffc36af0000 - 0x00007ffc36b1c000 	C:\WINDOWS\SYSTEM32\GLU32.dll
0x00007ffc30a30000 - 0x00007ffc30b24000 	C:\WINDOWS\SYSTEM32\DDRAW.dll
0x00007ffc3bbf0000 - 0x00007ffc3bbf9000 	C:\WINDOWS\SYSTEM32\DCIMAN32.dll
0x000000000d820000 - 0x000000000d884000 	C:\Users\Jonathan\AppData\Local\Temp\libgdxJonathan\4c88a7c1\OpenAL64.dll
0x00007ffc41190000 - 0x00007ffc4119a000 	C:\WINDOWS\SYSTEM32\kernel.appcore.dll
0x00007ffc421e0000 - 0x00007ffc421ea000 	C:\WINDOWS\SYSTEM32\CRYPTBASE.dll
0x00007ffc42180000 - 0x00007ffc421de000 	C:\WINDOWS\SYSTEM32\bcryptPrimitives.dll
0x00007ffc40fa0000 - 0x00007ffc410c2000 	C:\WINDOWS\system32\uxtheme.dll
0x00007ffc43110000 - 0x00007ffc431b4000 	C:\WINDOWS\SYSTEM32\clbcatq.dll
0x00007ffc2c9c0000 - 0x00007ffc2ca47000 	C:\WINDOWS\SYSTEM32\dsound.dll
0x00007ffc41950000 - 0x00007ffc41995000 	C:\WINDOWS\SYSTEM32\POWRPROF.dll
0x00007ffc3fc40000 - 0x00007ffc3fca1000 	C:\WINDOWS\System32\MMDevApi.dll
0x00007ffc3ceb0000 - 0x00007ffc3cf26000 	C:\WINDOWS\SYSTEM32\AUDIOSES.DLL
0x00007ffc43470000 - 0x00007ffc43527000 	C:\WINDOWS\system32\OLEAUT32.dll
0x00007ffc3f4b0000 - 0x00007ffc3f4d1000 	C:\WINDOWS\system32\dwmapi.dll
0x00007ffc3a4c0000 - 0x00007ffc3a4c9000 	C:\WINDOWS\SYSTEM32\atig6pxx.dll
0x00007ffc400d0000 - 0x00007ffc4017a000 	C:\WINDOWS\SYSTEM32\atiadlxx.dll
0x00007ffc3c670000 - 0x00007ffc3c7d4000 	C:\WINDOWS\SYSTEM32\PROPSYS.dll
0x00007ffc40c20000 - 0x00007ffc40c31000 	C:\WINDOWS\SYSTEM32\WTSAPI32.dll
0x00007ffc44d40000 - 0x00007ffc44f16000 	C:\WINDOWS\system32\SETUPAPI.dll
0x00007ffc3c640000 - 0x00007ffc3c669000 	C:\WINDOWS\SYSTEM32\IPHLPAPI.DLL
0x00007ffc3c630000 - 0x00007ffc3c63a000 	C:\WINDOWS\SYSTEM32\WINNSI.DLL
0x00007ffc42710000 - 0x00007ffc4275e000 	C:\WINDOWS\system32\WINTRUST.dll
0x00007ffc42480000 - 0x00007ffc42657000 	C:\WINDOWS\system32\CRYPT32.dll
0x00007ffc42350000 - 0x00007ffc42362000 	C:\WINDOWS\system32\MSASN1.dll
0x00007ffc11a00000 - 0x00007ffc12529000 	C:\WINDOWS\SYSTEM32\ig7icd64.dll
0x00007ffc3a290000 - 0x00007ffc3a29f000 	C:\WINDOWS\SYSTEM32\atig6txx.dll
0x00007ffc3ec90000 - 0x00007ffc3edac000 	C:\WINDOWS\SYSTEM32\aticfx64.dll
0x00007ffc138e0000 - 0x00007ffc1396d000 	C:\WINDOWS\SYSTEM32\mscms.dll
0x00007ffc36830000 - 0x00007ffc36871000 	C:\WINDOWS\SYSTEM32\icm32.dll
0x00007ffc40540000 - 0x00007ffc406c8000 	C:\WINDOWS\SYSTEM32\dbghelp.dll

VM Arguments:
jvm_args: -Didea.launcher.port=7547 -Didea.launcher.bin.path=C:\Program Files (x86)\JetBrains\IntelliJ IDEA Community Edition 13.0.1\bin -Dfile.encoding=UTF-8 -Djava.net.preferIPv4Stack=true 
java_command: com.intellij.rt.execution.application.AppMain com.example.mylibgdxgame.DesktopStarter
Launcher Type: SUN_STANDARD

Environment Variables:
_JAVA_OPTIONS=-Djava.net.preferIPv4Stack=true
PATH=C:\Program Files\Java\jdk1.7.0_21\bin;C:\WINDOWS\system32;C:\WINDOWS;C:\WINDOWS\System32\Wbem;C:\WINDOWS\System32\WindowsPowerShell\v1.0\;C:\Program Files (x86)\ATI Technologies\ATI.ACE\Core-Static
USERNAME=Jonathan
OS=Windows_NT
PROCESSOR_IDENTIFIER=Intel64 Family 6 Model 58 Stepping 9, GenuineIntel



---------------  S Y S T E M  ---------------

OS: Windows 8 , 64 bit Build 9200 

CPU:total 4 (2 cores per cpu, 2 threads per core) family 6 model 58 stepping 9, cmov, cx8, fxsr, mmx, sse, sse2, sse3, ssse3, sse4.1, sse4.2, popcnt, avx, ht, tsc, tscinvbit, tscinv

Memory: 4k page, physical 8257932k(5819440k free), swap 10158476k(4645396k free)

vm_info: Java HotSpot(TM) 64-Bit Server VM (23.21-b01) for windows-amd64 JRE (1.7.0_21-b11), built on Apr  4 2013 08:11:28 by "java_re" with unknown MS VC++:1600

time: Mon Feb 10 13:34:29 2014
elapsed time: 1 seconds

