#
# A fatal error has been detected by the Java Runtime Environment:
#
#  EXCEPTION_ACCESS_VIOLATION (0xc0000005) at pc=0x00007ffc11a2a6a0, pid=4084, tid=8512
#
# JRE version: 7.0_21-b11
# Java VM: Java HotSpot(TM) 64-Bit Server VM (23.21-b01 mixed mode windows-amd64 compressed oops)
# Problematic frame:
# C  [ig7icd64.dll+0x2a6a0]
#
# Failed to write core dump. Minidumps are not enabled by default on client versions of Windows
#
# If you would like to submit a bug report, please visit:
#   http://bugreport.sun.com/bugreport/crash.jsp
# The crash happened outside the Java Virtual Machine in native code.
# See problematic frame for where to report the bug.
#

---------------  T H R E A D  ---------------

Current thread (0x000000000b55e000):  JavaThread "LWJGL Application" [_thread_in_native, id=8512, stack(0x000000000df00000,0x000000000e000000)]

siginfo: ExceptionCode=0xc0000005, reading address 0x0000000000000000

Registers:
RAX=0x0000000000000000, RBX=0x000000000e680080, RCX=0x0000000000000000, RDX=0x0000000000000000
RSP=0x000000000dffc8c0, RBP=0x000000000dffc9f0, RSI=0x000000000e70bd50, RDI=0x000000000ec40000
R8 =0x0000000000000020, R9 =0x0000000000000000, R10=0x0000000000000002, R11=0x0000000000000010
R12=0x0000000000000000, R13=0x0000000000000020, R14=0x000000000e695df8, R15=0x000000000dffc9c0
RIP=0x00007ffc11a2a6a0, EFLAGS=0x0000000000010202

Top of Stack: (sp=0x000000000dffc8c0)
0x000000000dffc8c0:   0000000000000000 0000000000000000
0x000000000dffc8d0:   0000000000000000 0000000000000000
0x000000000dffc8e0:   000000000f26ac50 00007ffc11a28aaa
0x000000000dffc8f0:   000000000e680080 000000000e680080
0x000000000dffc900:   000000000dffc9f0 0000000000000007
0x000000000dffc910:   0000000000000007 0000000000000007
0x000000000dffc920:   0001000000000000 0000000000000040
0x000000000dffc930:   0000000000000000 000000000db10858
0x000000000dffc940:   000000000f1407b0 000000000e695e40
0x000000000dffc950:   0000000000000007 0000000000000000
0x000000000dffc960:   0000000000000000 000000000db10844
0x000000000dffc970:   000000000dffc9c0 0000000000000007
0x000000000dffc980:   0000000000000007 0000000200000007
0x000000000dffc990:   0000000000000000 0000001400000007
0x000000000dffc9a0:   0000000000000002 000000000e75e300
0x000000000dffc9b0:   000000000db1085c 0000000000000844 

Instructions: (pc=0x00007ffc11a2a6a0)
0x00007ffc11a2a680:   72 9e 41 83 e0 7f 74 34 45 8b d0 44 8b c9 49 c1
0x00007ffc11a2a690:   ea 04 4d 85 d2 74 25 66 0f 1f 84 00 00 00 00 00
0x00007ffc11a2a6a0:   66 0f 6f 02 41 ff c1 48 83 c7 10 41 8b c1 66 0f
0x00007ffc11a2a6b0:   e7 47 f0 48 83 c2 10 49 3b c2 72 e4 0f 28 74 24 


Register to memory mapping:

RAX=0x0000000000000000 is an unknown value
RBX=0x000000000e680080 is an unknown value
RCX=0x0000000000000000 is an unknown value
RDX=0x0000000000000000 is an unknown value
RSP=0x000000000dffc8c0 is pointing into the stack for thread: 0x000000000b55e000
RBP=0x000000000dffc9f0 is pointing into the stack for thread: 0x000000000b55e000
RSI=0x000000000e70bd50 is an unknown value
RDI=0x000000000ec40000 is an unknown value
R8 =0x0000000000000020 is an unknown value
R9 =0x0000000000000000 is an unknown value
R10=0x0000000000000002 is an unknown value
R11=0x0000000000000010 is an unknown value
R12=0x0000000000000000 is an unknown value
R13=0x0000000000000020 is an unknown value
R14=0x000000000e695df8 is an unknown value
R15=0x000000000dffc9c0 is pointing into the stack for thread: 0x000000000b55e000


Stack: [0x000000000df00000,0x000000000e000000],  sp=0x000000000dffc8c0,  free space=1010k
Native frames: (J=compiled Java code, j=interpreted, Vv=VM code, C=native code)
C  [ig7icd64.dll+0x2a6a0]

Java frames: (J=compiled Java code, j=interpreted, Vv=VM code)
j  org.lwjgl.opengl.GL11.nglDrawArrays(IIIJ)V+0
j  org.lwjgl.opengl.GL11.glDrawArrays(III)V+20
j  com.badlogic.gdx.backends.lwjgl.LwjglGL10.glDrawArrays(III)V+3
j  com.badlogic.gdx.graphics.Mesh.render(IIIZ)V+180
j  com.badlogic.gdx.graphics.Mesh.render(III)V+8
j  com.example.mylibgdxgame.screens.CannonScreen.render(F)V+219
j  com.badlogic.gdx.Game.render()V+19
j  com.example.mylibgdxgame.Tyrian.render()V+1
j  com.badlogic.gdx.backends.lwjgl.LwjglApplication.mainLoop()V+642
j  com.badlogic.gdx.backends.lwjgl.LwjglApplication$1.run()V+27
v  ~StubRoutines::call_stub

---------------  P R O C E S S  ---------------

Java Threads: ( => current thread )
  0x000000000234e000 JavaThread "DestroyJavaVM" [_thread_blocked, id=9388, stack(0x00000000023c0000,0x00000000024c0000)]
=>0x000000000b55e000 JavaThread "LWJGL Application" [_thread_in_native, id=8512, stack(0x000000000df00000,0x000000000e000000)]
  0x000000000ceca800 JavaThread "Monitor Ctrl-Break" daemon [_thread_in_native, id=10284, stack(0x000000000d380000,0x000000000d480000)]
  0x000000000b4ac800 JavaThread "Service Thread" daemon [_thread_blocked, id=8688, stack(0x000000000cc60000,0x000000000cd60000)]
  0x000000000b4a6000 JavaThread "C2 CompilerThread1" daemon [_thread_blocked, id=6872, stack(0x000000000cb60000,0x000000000cc60000)]
  0x000000000b4a1000 JavaThread "C2 CompilerThread0" daemon [_thread_blocked, id=3896, stack(0x000000000ca60000,0x000000000cb60000)]
  0x000000000b4a0000 JavaThread "Attach Listener" daemon [_thread_blocked, id=10164, stack(0x000000000c960000,0x000000000ca60000)]
  0x000000000b49d000 JavaThread "Signal Dispatcher" daemon [_thread_blocked, id=9808, stack(0x000000000c860000,0x000000000c960000)]
  0x000000000b43a800 JavaThread "Finalizer" daemon [_thread_blocked, id=11940, stack(0x000000000c760000,0x000000000c860000)]
  0x000000000b432000 JavaThread "Reference Handler" daemon [_thread_blocked, id=6852, stack(0x000000000c660000,0x000000000c760000)]

Other Threads:
  0x000000000b429800 VMThread [stack: 0x000000000c560000,0x000000000c660000] [id=1484]
  0x000000000b4bd800 WatcherThread [stack: 0x000000000cd60000,0x000000000ce60000] [id=8368]

VM state:not at safepoint (normal execution)

VM Mutex/Monitor currently owned by a thread: None

Heap
 PSYoungGen      total 37632K, used 10544K [0x00000007d5f60000, 0x00000007d8960000, 0x0000000800000000)
  eden space 32256K, 32% used [0x00000007d5f60000,0x00000007d69ac2d0,0x00000007d7ee0000)
  from space 5376K, 0% used [0x00000007d8420000,0x00000007d8420000,0x00000007d8960000)
  to   space 5376K, 0% used [0x00000007d7ee0000,0x00000007d7ee0000,0x00000007d8420000)
 ParOldGen       total 86080K, used 0K [0x0000000781e00000, 0x0000000787210000, 0x00000007d5f60000)
  object space 86080K, 0% used [0x0000000781e00000,0x0000000781e00000,0x0000000787210000)
 PSPermGen       total 21248K, used 5914K [0x000000077cc00000, 0x000000077e0c0000, 0x0000000781e00000)
  object space 21248K, 27% used [0x000000077cc00000,0x000000077d1c6880,0x000000077e0c0000)

Card table byte_map: [0x0000000005680000,0x0000000005aa0000] byte_map_base: 0x0000000001a9a000

Polling page: 0x0000000002320000

Code Cache  [0x00000000025c0000, 0x0000000002830000, 0x00000000055c0000)
 total_blobs=377 nmethods=34 adapters=295 free_code_cache=48627Kb largest_free_block=49782976

Compilation events (10 events):
Event: 1.301 Thread 0x000000000b4a1000 nmethod 28 0x0000000002641ed0 code [0x00000000026420a0, 0x00000000026433c0]
Event: 1.302 Thread 0x000000000b4a1000   31             java.util.StringTokenizer::skipDelimiters (116 bytes)
Event: 1.312 Thread 0x000000000b4a6000 nmethod 30 0x0000000002639350 code [0x0000000002639500, 0x0000000002639970]
Event: 1.314 Thread 0x000000000b4a1000 nmethod 31 0x000000000263e2d0 code [0x000000000263e440, 0x000000000263e788]
Event: 1.356 Thread 0x000000000b4a6000   32             sun.misc.MetaIndex::mayContain (51 bytes)
Event: 1.366 Thread 0x000000000b4a1000   33             java.lang.CharacterData::of (120 bytes)
Event: 1.367 Thread 0x000000000b4a6000 nmethod 32 0x0000000002645610 code [0x0000000002645760, 0x00000000026459e8]
Event: 1.367 Thread 0x000000000b4a6000   34             java.lang.CharacterDataLatin1::getProperties (11 bytes)
Event: 1.368 Thread 0x000000000b4a6000 nmethod 34 0x000000000263ea90 code [0x000000000263ebc0, 0x000000000263ec58]
Event: 1.368 Thread 0x000000000b4a1000 nmethod 33 0x0000000002645c50 code [0x0000000002645da0, 0x0000000002645e58]

GC Heap History (0 events):
No events

Deoptimization events (0 events):
No events

Internal exceptions (10 events):
Event: 1.368 Thread 0x000000000b55e000 Threw 0x00000007d68a29d8 at C:\jdk7u2_64p\jdk7u21\hotspot\src\share\vm\prims\jvm.cpp:1166
Event: 1.370 Thread 0x000000000b55e000 Threw 0x00000007d68a8820 at C:\jdk7u2_64p\jdk7u21\hotspot\src\share\vm\prims\jvm.cpp:1166
Event: 1.372 Thread 0x000000000b55e000 Threw 0x00000007d68b0da8 at C:\jdk7u2_64p\jdk7u21\hotspot\src\share\vm\prims\jvm.cpp:1166
Event: 1.374 Thread 0x000000000b55e000 Threw 0x00000007d68b81f8 at C:\jdk7u2_64p\jdk7u21\hotspot\src\share\vm\prims\jvm.cpp:1166
Event: 1.378 Thread 0x000000000b55e000 Threw 0x00000007d68d4728 at C:\jdk7u2_64p\jdk7u21\hotspot\src\share\vm\prims\jvm.cpp:1166
Event: 1.386 Thread 0x000000000b55e000 Threw 0x00000007d68df3c0 at C:\jdk7u2_64p\jdk7u21\hotspot\src\share\vm\prims\jvm.cpp:1166
Event: 1.388 Thread 0x000000000b55e000 Threw 0x00000007d68e87b8 at C:\jdk7u2_64p\jdk7u21\hotspot\src\share\vm\prims\jvm.cpp:1166
Event: 1.392 Thread 0x000000000b55e000 Threw 0x00000007d68f4678 at C:\jdk7u2_64p\jdk7u21\hotspot\src\share\vm\prims\jvm.cpp:1166
Event: 1.397 Thread 0x000000000b55e000 Threw 0x00000007d68fce58 at C:\jdk7u2_64p\jdk7u21\hotspot\src\share\vm\prims\jvm.cpp:1166
Event: 1.398 Thread 0x000000000b55e000 Threw 0x00000007d6901110 at C:\jdk7u2_64p\jdk7u21\hotspot\src\share\vm\prims\jvm.cpp:1166

Events (10 events):
Event: 1.386 loading class 0x000000000fa9f5c0
Event: 1.386 loading class 0x000000000fa9f5c0 done
Event: 1.388 loading class 0x000000000d080e90
Event: 1.388 loading class 0x000000000d080e90 done
Event: 1.392 loading class 0x000000000fa9efd0
Event: 1.392 loading class 0x000000000fa9efd0 done
Event: 1.397 loading class 0x000000000d12f270
Event: 1.397 loading class 0x000000000d12f270 done
Event: 1.398 loading class 0x000000000d148a20
Event: 1.398 loading class 0x000000000d148a20 done


Dynamic libraries:
0x00007ff7b62c0000 - 0x00007ff7b62f3000 	C:\Program Files\Java\jdk1.7.0_21\bin\java.exe
0x00007ffc44f20000 - 0x00007ffc450c9000 	C:\WINDOWS\SYSTEM32\ntdll.dll
0x00007ffc449b0000 - 0x00007ffc44ae9000 	C:\WINDOWS\system32\KERNEL32.DLL
0x00007ffc42370000 - 0x00007ffc4247e000 	C:\WINDOWS\system32\KERNELBASE.dll
0x00007ffc40ed0000 - 0x00007ffc40f5b000 	C:\WINDOWS\system32\apphelp.dll
0x00007ffc36b60000 - 0x00007ffc36baf000 	C:\WINDOWS\AppPatch\AppPatch64\AcGenral.DLL
0x00007ffc431c0000 - 0x00007ffc43267000 	C:\WINDOWS\system32\msvcrt.dll
0x00007ffc42150000 - 0x00007ffc4217b000 	C:\WINDOWS\SYSTEM32\SspiCli.dll
0x00007ffc42dc0000 - 0x00007ffc42e11000 	C:\WINDOWS\system32\SHLWAPI.dll
0x00007ffc42f70000 - 0x00007ffc430e1000 	C:\WINDOWS\system32\USER32.dll
0x00007ffc42aa0000 - 0x00007ffc42c16000 	C:\WINDOWS\system32\ole32.dll
0x00007ffc435a0000 - 0x00007ffc449af000 	C:\WINDOWS\system32\SHELL32.dll
0x00007ffc41930000 - 0x00007ffc4194f000 	C:\WINDOWS\SYSTEM32\USERENV.dll
0x00007ffc42990000 - 0x00007ffc42a35000 	C:\WINDOWS\system32\ADVAPI32.dll
0x00007ffc39950000 - 0x00007ffc3996b000 	C:\WINDOWS\SYSTEM32\MPR.dll
0x00007ffc42850000 - 0x00007ffc42986000 	C:\WINDOWS\system32\RPCRT4.dll
0x00007ffc42a40000 - 0x00007ffc42a97000 	C:\WINDOWS\SYSTEM32\sechost.dll
0x00007ffc43270000 - 0x00007ffc43447000 	C:\WINDOWS\SYSTEM32\combase.dll
0x00007ffc42e20000 - 0x00007ffc42f65000 	C:\WINDOWS\system32\GDI32.dll
0x00007ffc422a0000 - 0x00007ffc422b4000 	C:\WINDOWS\SYSTEM32\profapi.dll
0x00007ffc40790000 - 0x00007ffc40831000 	C:\WINDOWS\SYSTEM32\SHCORE.dll
0x00007ffc44ca0000 - 0x00007ffc44cd4000 	C:\WINDOWS\system32\IMM32.DLL
0x00007ffc42c80000 - 0x00007ffc42db8000 	C:\WINDOWS\system32\MSCTF.dll
0x00007ffc3f040000 - 0x00007ffc3f29a000 	C:\WINDOWS\WinSxS\amd64_microsoft.windows.common-controls_6595b64144ccf1df_6.0.9600.16384_none_62475f7becb72503\COMCTL32.dll
0x0000000050040000 - 0x0000000050111000 	C:\Program Files\Java\jdk1.7.0_21\jre\bin\msvcr100.dll
0x00000000778d0000 - 0x0000000077ff1000 	C:\Program Files\Java\jdk1.7.0_21\jre\bin\server\jvm.dll
0x00007ffc2bc50000 - 0x00007ffc2bc59000 	C:\WINDOWS\SYSTEM32\WSOCK32.dll
0x00007ffc3a2e0000 - 0x00007ffc3a2ff000 	C:\WINDOWS\SYSTEM32\WINMM.dll
0x00007ffc43590000 - 0x00007ffc43597000 	C:\WINDOWS\system32\PSAPI.DLL
0x00007ffc42c20000 - 0x00007ffc42c78000 	C:\WINDOWS\system32\WS2_32.dll
0x00007ffc39900000 - 0x00007ffc3992a000 	C:\WINDOWS\SYSTEM32\WINMMBASE.dll
0x00007ffc43100000 - 0x00007ffc43109000 	C:\WINDOWS\system32\NSI.dll
0x00007ffc42760000 - 0x00007ffc427aa000 	C:\WINDOWS\SYSTEM32\cfgmgr32.dll
0x00007ffc41120000 - 0x00007ffc41146000 	C:\WINDOWS\SYSTEM32\DEVOBJ.dll
0x0000000050030000 - 0x000000005003f000 	C:\Program Files\Java\jdk1.7.0_21\jre\bin\verify.dll
0x0000000050000000 - 0x0000000050028000 	C:\Program Files\Java\jdk1.7.0_21\jre\bin\java.dll
0x00000000778b0000 - 0x00000000778c5000 	C:\Program Files\Java\jdk1.7.0_21\jre\bin\zip.dll
0x00007ffc3c070000 - 0x00007ffc3c080000 	C:\Program Files (x86)\JetBrains\IntelliJ IDEA Community Edition 13.0.1\bin\breakgen64.dll
0x0000000077890000 - 0x00000000778a9000 	C:\Program Files\Java\jdk1.7.0_21\jre\bin\net.dll
0x00007ffc41bd0000 - 0x00007ffc41c28000 	C:\WINDOWS\system32\mswsock.dll
0x0000000065580000 - 0x0000000065610000 	C:\Users\Jonathan\AppData\Local\Temp\libgdxJonathan\5498721d\gdx64.dll
0x0000000180000000 - 0x0000000180050000 	C:\Users\Jonathan\AppData\Local\Temp\libgdxJonathan\4c88a7c1\lwjgl64.dll
0x00007ffc30a30000 - 0x00007ffc30b51000 	C:\WINDOWS\SYSTEM32\OPENGL32.dll
0x00007ffc3ec80000 - 0x00007ffc3ec8a000 	C:\WINDOWS\SYSTEM32\VERSION.dll
0x00007ffc37e80000 - 0x00007ffc37eac000 	C:\WINDOWS\SYSTEM32\GLU32.dll
0x00007ffc30d50000 - 0x00007ffc30e44000 	C:\WINDOWS\SYSTEM32\DDRAW.dll
0x00007ffc39a30000 - 0x00007ffc39a39000 	C:\WINDOWS\SYSTEM32\DCIMAN32.dll
0x000000000d480000 - 0x000000000d4e4000 	C:\Users\Jonathan\AppData\Local\Temp\libgdxJonathan\4c88a7c1\OpenAL64.dll
0x00007ffc41190000 - 0x00007ffc4119a000 	C:\WINDOWS\SYSTEM32\kernel.appcore.dll
0x00007ffc421e0000 - 0x00007ffc421ea000 	C:\WINDOWS\SYSTEM32\CRYPTBASE.dll
0x00007ffc42180000 - 0x00007ffc421de000 	C:\WINDOWS\SYSTEM32\bcryptPrimitives.dll
0x00007ffc40fa0000 - 0x00007ffc410c2000 	C:\WINDOWS\system32\uxtheme.dll
0x00007ffc43110000 - 0x00007ffc431b4000 	C:\WINDOWS\SYSTEM32\clbcatq.dll
0x00007ffc2c9c0000 - 0x00007ffc2ca47000 	C:\WINDOWS\SYSTEM32\dsound.dll
0x00007ffc41950000 - 0x00007ffc41995000 	C:\WINDOWS\SYSTEM32\POWRPROF.dll
0x00007ffc3fc40000 - 0x00007ffc3fca1000 	C:\WINDOWS\System32\MMDevApi.dll
0x00007ffc3ceb0000 - 0x00007ffc3cf26000 	C:\WINDOWS\SYSTEM32\AUDIOSES.DLL
0x00007ffc43470000 - 0x00007ffc43527000 	C:\WINDOWS\system32\OLEAUT32.dll
0x00007ffc3f4b0000 - 0x00007ffc3f4d1000 	C:\WINDOWS\system32\dwmapi.dll
0x00007ffc38f60000 - 0x00007ffc38f69000 	C:\WINDOWS\SYSTEM32\atig6pxx.dll
0x00007ffc400d0000 - 0x00007ffc4017a000 	C:\WINDOWS\SYSTEM32\atiadlxx.dll
0x00007ffc3c670000 - 0x00007ffc3c7d4000 	C:\WINDOWS\SYSTEM32\PROPSYS.dll
0x00007ffc40c20000 - 0x00007ffc40c31000 	C:\WINDOWS\SYSTEM32\WTSAPI32.dll
0x00007ffc44d40000 - 0x00007ffc44f16000 	C:\WINDOWS\system32\SETUPAPI.dll
0x00007ffc3c640000 - 0x00007ffc3c669000 	C:\WINDOWS\SYSTEM32\IPHLPAPI.DLL
0x00007ffc3c630000 - 0x00007ffc3c63a000 	C:\WINDOWS\SYSTEM32\WINNSI.DLL
0x00007ffc42710000 - 0x00007ffc4275e000 	C:\WINDOWS\system32\WINTRUST.dll
0x00007ffc42480000 - 0x00007ffc42657000 	C:\WINDOWS\system32\CRYPT32.dll
0x00007ffc42350000 - 0x00007ffc42362000 	C:\WINDOWS\system32\MSASN1.dll
0x00007ffc11a00000 - 0x00007ffc12529000 	C:\WINDOWS\SYSTEM32\ig7icd64.dll
0x00007ffc37e70000 - 0x00007ffc37e7f000 	C:\WINDOWS\SYSTEM32\atig6txx.dll
0x00007ffc3ec90000 - 0x00007ffc3edac000 	C:\WINDOWS\SYSTEM32\aticfx64.dll
0x00007ffc138e0000 - 0x00007ffc1396d000 	C:\WINDOWS\SYSTEM32\mscms.dll
0x00007ffc366c0000 - 0x00007ffc36701000 	C:\WINDOWS\SYSTEM32\icm32.dll
0x00007ffc40540000 - 0x00007ffc406c8000 	C:\WINDOWS\SYSTEM32\dbghelp.dll

VM Arguments:
jvm_args: -Didea.launcher.port=7544 -Didea.launcher.bin.path=C:\Program Files (x86)\JetBrains\IntelliJ IDEA Community Edition 13.0.1\bin -Dfile.encoding=UTF-8 -Djava.net.preferIPv4Stack=true 
java_command: com.intellij.rt.execution.application.AppMain com.example.mylibgdxgame.DesktopStarter
Launcher Type: SUN_STANDARD

Environment Variables:
_JAVA_OPTIONS=-Djava.net.preferIPv4Stack=true
PATH=C:\Program Files\Java\jdk1.7.0_21\bin;C:\WINDOWS\system32;C:\WINDOWS;C:\WINDOWS\System32\Wbem;C:\WINDOWS\System32\WindowsPowerShell\v1.0\;C:\Program Files (x86)\ATI Technologies\ATI.ACE\Core-Static
USERNAME=Jonathan
OS=Windows_NT
PROCESSOR_IDENTIFIER=Intel64 Family 6 Model 58 Stepping 9, GenuineIntel



---------------  S Y S T E M  ---------------

OS: Windows 8 , 64 bit Build 9200 

CPU:total 4 (2 cores per cpu, 2 threads per core) family 6 model 58 stepping 9, cmov, cx8, fxsr, mmx, sse, sse2, sse3, ssse3, sse4.1, sse4.2, popcnt, avx, ht, tsc, tscinvbit, tscinv

Memory: 4k page, physical 8257932k(5713740k free), swap 10158476k(4646176k free)

vm_info: Java HotSpot(TM) 64-Bit Server VM (23.21-b01) for windows-amd64 JRE (1.7.0_21-b11), built on Apr  4 2013 08:11:28 by "java_re" with unknown MS VC++:1600

time: Mon Feb 10 14:52:35 2014
elapsed time: 1 seconds

